------------------------------------ INPUT -----------------
             Number of atoms:   6
              Type of system: cyclic              
        Type of dimerization: atom+bond           
        Number of unit cells:   3
Number of atoms per unit cell:  2
      Number of pi electrons:   6
 Alpha values:    0.0000000000000000        1.0000000000000000     
  Beta values:  -0.900000 -1.100000
 
------------------------------------ HUCKEL HAMILTONIAN ----
 
   0.0000000000000000      -0.90000000000000002        0.0000000000000000        0.0000000000000000        0.0000000000000000       -1.1000000000000001     
 -0.90000000000000002        1.0000000000000000       -1.1000000000000001        0.0000000000000000        0.0000000000000000        0.0000000000000000     
   0.0000000000000000       -1.1000000000000001        0.0000000000000000      -0.90000000000000002        0.0000000000000000        0.0000000000000000     
   0.0000000000000000        0.0000000000000000      -0.90000000000000002        1.0000000000000000       -1.1000000000000001        0.0000000000000000     
   0.0000000000000000        0.0000000000000000        0.0000000000000000       -1.1000000000000001        0.0000000000000000      -0.90000000000000002     
  -1.1000000000000001        0.0000000000000000        0.0000000000000000        0.0000000000000000      -0.90000000000000002        1.0000000000000000     
 
---------------------------------------- EIGENVALUES -------
 
  1  0.000000 -1.561553
  2  0.200000 -0.631371
  3  0.400000 -0.631371
  4  0.600000  1.631371
  5  0.800000  1.631371
  6  1.000000  2.561553
 
--------------------------------------- HOMO-LUMO gap ------
 
   2.2627416997969521      eV
 
--------------------------------------- EIGENVECTORS -------
 
       1          2          3          4          5
  1  0.455071  0.444026 -0.532436  0.276232 -0.331233
  2  0.355308 -0.215650 -0.373516  0.346644  0.600404
  3  0.455071 -0.683116 -0.118319 -0.424972 -0.073607
  4  0.355308 -0.215650  0.373516  0.346644 -0.600404
  5  0.455071  0.239091  0.650756  0.148740  0.404840
  6  0.355308  0.431300 -0.000000 -0.693287 -0.000000
